[31m[38;5;34m.[0m[31m[38;5;34m.[0m[31m[38;5;34m.[0m[31m[38;5;34m.[0m[31m[38;5;34m.[0m[31m[38;5;34m.[0m[31m[38;5;34m.[0m[31m[38;5;34m.[0m[31m[38;5;34m.[0m[31m[38;5;34m.[0m[31m[38;5;34m.[0m[31m[38;5;34m.[0m[31m[38;5;34m.[0m[31m[38;5;34m.[0m[31m[38;5;34m.[0m[31m[38;5;34m.[0m[31m[38;5;34m.[0m[31m[38;5;34m.[0m[31m[38;5;34m.[0m[31m[38;5;34m.[0m[31m[38;5;34m.[0m[31m[38;5;34m.[0m[31m[38;5;34m.[0m[31m[38;5;34m.[0m[31m[38;5;34m.[0m[31m[38;5;34m.[0m[31m[38;5;34m.[0m[31m[38;5;34m.[0m[31m[38;5;34m.[0m[31m[38;5;34m.[0m[31m[38;5;34m.[0m[31m[38;5;34m.[0m[31m[38;5;34m.[0m[31m[38;5;34m.[0m[31m[38;5;34m.[0m[31m[38;5;34m.[0m[31m[38;5;34m.[0m[31m[38;5;34m.[0m[31m[38;5;34m.[0m[31m[38;5;34m.[0m[31m[38;5;34m.[0m[31m[38;5;34m.[0m[31m[38;5;34m.[0m[31m[38;5;34m.[0m[31m[38;5;34m.[0m[31m[38;5;34m.[0m[31m[38;5;34m.[0m[31m[38;5;34m.[0m[31m[1;33m~[0m[31m[38;5;34m.[0m[31m[38;5;34m.[0m[31m[38;5;34m.[0m[31m[38;5;160mx[0m[31m[38;5;34m.[0m[31m[38;5;34m.[0m[31m[38;5;34m.[0m[31m[38;5;34m.[0m[31m[38;5;34m.[0m[31m[38;5;34m.[0m[31m[38;5;34m.[0m[31m[38;5;34m.[0m[31m[38;5;34m.[0m[31m[38;5;34m.[0m[31m[38;5;34m.[0m[31m[38;5;34m.[0m[31m[38;5;34m.[0m[31m[38;5;34m.[0m[31m[38;5;34m.[0m[31m[38;5;34m.[0m[31m[38;5;34m.[0m[31m[38;5;34m.[0m[31m[38;5;34m.[0m[31m[38;5;34m.[0m[31m[38;5;34m.[0m[31m[38;5;34m.[0m[31m[38;5;34m.[0m[31m[38;5;34m.[0m[31m[38;5;34m.[0m[31m[38;5;160mx[0m[31m[38;5;34m.[0m[31m[38;5;34m.[0m[31m[38;5;34m.[0m[31m[38;5;34m.[0m[31m[38;5;34m.[0m[31m[38;5;34m.[0m[31m[38;5;34m.[0m[31m[38;5;34m.[0m[31m[38;5;34m.[0m[31m[38;5;34m.[0m[31m[38;5;34m.[0m[31m[38;5;34m.[0m[31m[38;5;34m.[0m[31m[38;5;34m.[0m[31m[38;5;34m.[0m[31m[38;5;34m.[0m[31m[38;5;34m.[0m[31m[38;5;34m.[0m[31m[38;5;34m.[0m[31m[38;5;34m.[0m[31m[38;5;34m.[0m[31m[38;5;34m.[0m[31m[38;5;34m.[0m[31m[38;5;34m.[0m[31m[38;5;34m.[0m[31m[38;5;34m.[0m[31m[38;5;34m.[0m[31m[38;5;34m.[0m[31m[38;5;34m.[0m[31m[38;5;34m.[0m[31m[38;5;34m.[0m[31m[38;5;34m.[0m[31m[38;5;34m.[0m[31m[38;5;34m.[0m[31m[38;5;34m.[0m[31m[38;5;34m.[0m[31m[38;5;34m.[0m[31m[38;5;34m.[0m[31m[38;5;34m.[0m[31m[38;5;34m.[0m[31m[38;5;34m.[0m[31m[38;5;34m.[0m[31m[38;5;34m.[0m[31m[38;5;34m.[0m[31m[38;5;34m.[0m[31m[38;5;34m.[0m[31m[38;5;34m.[0m[31m[38;5;34m.[0m[31m[38;5;34m.[0m[31m[38;5;160mx[0m[31m[38;5;160mx[0m[31m[38;5;34m.[0m[31m[38;5;160mx[0m[31m[38;5;34m.[0m[31m[38;5;34m.[0m[31m[38;5;34m.[0m[31m[38;5;34m.[0m[31m[38;5;34m.[0m[31m[38;5;34m.[0m[31m[38;5;34m.[0m[31m[38;5;34m.[0m[31m[38;5;34m.[0m[31m[38;5;34m.[0m[31m[38;5;34m.[0m[31m[38;5;34m.[0m[31m[38;5;34m.[0m[31m[38;5;34m.[0m[31m[38;5;34m.[0m[31m[38;5;34m.[0m[31m[38;5;34m.[0m[31m[38;5;34m.[0m[31m[38;5;34m.[0m[31m[38;5;34m.[0m[31m[38;5;34m.[0m[31m[38;5;34m.[0m[31m[38;5;34m.[0m[31m[38;5;34m.[0m[31m[38;5;34m.[0m[31m[38;5;34m.[0m[31m[38;5;34m.[0m[31m[38;5;34m.[0m[31m[38;5;34m.[0m[31m[38;5;34m.[0m[31m[38;5;34m.[0m[31m[38;5;34m.[0m[31m[38;5;34m.[0m[31m[38;5;34m.[0m[31m[38;5;34m.[0m[31m[38;5;34m.[0m[31m[38;5;34m.[0m[31m[38;5;34m.[0m[31m[38;5;34m.[0m[31m[38;5;34m.[0m[31m[38;5;34m.[0m[31m[38;5;34m.[0m[31m[38;5;34m.[0m[31m[38;5;34m.[0m[31m[38;5;34m.[0m[31m[38;5;34m.[0m[31m[38;5;34m.[0m[31m[38;5;34m.[0m[31m[38;5;34m.[0m[31m[38;5;34m.[0m[31m[38;5;34m.[0m[31m[38;5;34m.[0m[31m[38;5;34m.[0m[31m[38;5;34m.[0m[31m[38;5;34m.[0m[31m[38;5;34m.[0m[31m[38;5;34m.[0m[31m[38;5;34m.[0m[31m[38;5;34m.[0m[31m[38;5;34m.[0m[31m[38;5;34m.[0m[31m[38;5;34m.[0m[31m[38;5;34m.[0m[31m[38;5;34m.[0m[31m[38;5;34m.[0m[31m[38;5;34m.[0m[31m[38;5;34m.[0m[31m[38;5;34m.[0m[31m[38;5;34m.[0m[31m[38;5;34m.[0m[31m[38;5;34m.[0m[31m[38;5;34m.[0m[31m[38;5;34m.[0m[31m[38;5;34m.[0m[31m[38;5;34m.[0m[31m[38;5;34m.[0m[31m[38;5;34m.[0m[31m[38;5;34m.[0m[31m[38;5;34m.[0m[31m[38;5;34m.[0m[31m[38;5;34m.[0m[31m[38;5;34m.[0m[31m[38;5;34m.[0m[31m[38;5;34m.[0m[31m[38;5;34m.[0m[31m[38;5;34m.[0m[31m[38;5;34m.[0m[31m[38;5;34m.[0m[31m[38;5;34m.[0m[31m[38;5;34m.[0m[31m[38;5;34m.[0m[31m[38;5;34m.[0m[31m[38;5;34m.[0m[31m[38;5;34m.[0m[31m[38;5;34m.[0m[31m[38;5;34m.[0m[31m[38;5;34m.[0m[31m[38;5;34m.[0m[31m[38;5;34m.[0m[31m[38;5;34m.[0m[31m[38;5;34m.[0m[31m[38;5;34m.[0m[31m[1;33m~[0m[31m[38;5;34m.[0m[31m[38;5;34m.[0m[31m[38;5;34m.[0m[31m[38;5;34m.[0m[31m[38;5;34m.[0m[31m[38;5;34m.[0m[31m[38;5;160mx[0m[31m[38;5;160mx[0m[31m[38;5;34m.[0m[31m[38;5;34m.[0m[31m[38;5;34m.[0m[31m[38;5;34m.[0m[31m[38;5;34m.[0m[31m[38;5;34m.[0m[31m[38;5;34m.[0m[31m[38;5;34m.[0m[31m[1;33m~[0m[31m[38;5;34m.[0m[31m[38;5;34m.[0m[31m[38;5;34m.[0m[31m[38;5;34m.[0m[31m[38;5;34m.[0m[31m[38;5;34m.[0m[31m[38;5;34m.[0m[31m[38;5;34m.[0m[31m[38;5;34m.[0m[31m[38;5;34m.[0m[31m[38;5;34m.[0m[31m[1;33m~[0m[31m[38;5;34m.[0m[31m[38;5;34m.[0m[31m[38;5;34m.[0m[31m[38;5;34m.[0m[31m[38;5;34m.[0m[31m[38;5;34m.[0m[31m[38;5;34m.[0m[31m[38;5;34m.[0m[31m[38;5;34m.[0m[31m[38;5;34m.[0m[31m[38;5;34m.[0m[31m[38;5;34m.[0m[31m[38;5;34m.[0m[31m[38;5;34m.[0m[31m[38;5;34m.[0m[31m[38;5;34m.[0m[31m[38;5;34m.[0m                      

----------------------------------------------------------------

[37;1m42sh/builtins/export/errors/003-illegal-option[0m [31m[1;33m(WARNING)[0m

  Description:
[38;5;239m  The purpose of this test is to check that using the builtin `export` with an illegal option results in an error and a failure exit status.[0m

  STDIN:
[38;5;239m  01: export -w[0m

  STDOUT:
[38;5;239m  (no output)[0m

  STDERR:
[31m[38;5;34m  SUCCESS    expected_to_not be_empty[0m
[31m[1;33m  WARNING    might match_regex `([Ii]nvalid|[Ii]llegal) (option|argument)`[0m
[38;5;239m  01: export: bad option: -w
  02: export: usage: export [-nop] [name[=value]][0m

  MISC:
[31m[38;5;34m  SUCCESS    expected_to_not exit_with_status `0`[0m

----------------------------------------------------------------

[37;1m42sh/builtins/export/options/002-export-p-param-and-token-should-add-local-var-only-part1[0m [31m[38;5;160m(FAILED)[0m

  Description:
[38;5;239m  The purpose of this test is to check if export with -p option + token , add the variable into export list but not in env list. And don't display the export variable on stdout.[0m

  Before test:
[38;5;239m  01: rm -f "./stored_env"
  02: unset "TOKEN201808272103_NAME"
  03: export | awk 'BEGIN {FS="="} $0 !~ /^(OLDPWD|_)/ {print $1"="}' > "./stored_env"[0m

  STDIN:
[38;5;239m  01: export -p TOKEN201808272103_NAME
  02: export[0m

  STDOUT:
[31m[38;5;160m  FAILURE    expected_to_not match_each_regex_of_file `./stored_env`[0m
[31m[38;5;34m  SUCCESS    expected_to match_regex `TOKEN201808272103_NAME`[0m
[38;5;239m  01: export Apple_PubSub_Socket_Render=/private/tmp/com.apple.launchd.i7u3b6cyWh/Render
  02: export COLORFGBG=7;0
  03: export COLORTERM=truecolor
  04: export COMMAND_MODE=unix2003
  05: export HOME=/Users/ahrytsen
  06: export HOMEBREW_CACHE=/tmp/ahrytsen/Homebrew/Caches
  07: export HOMEBREW_TEMP=/tmp/ahrytsen/Homebrew/Temp
  08: export INSTALL_ROOT=/Users/ahrytsen/.sbcl
  09: export ITERM_PROFILE=Default
  10: export ITERM_SESSION_ID=w0t0p2:F4A638D5-7AC0-4A04-8104-601F0E75F28D
  11: export LC_CTYPE=en_US.UTF-8
  12: export LESS=-R
  13: export LOGNAME=ahrytsen
  14: export LSCOLORS=Gxfxcxdxbxegedabagacad
  15: export MAIL=ahrytsen@student.unit.ua
  16: export MANPATH=:/Users/ahrytsen/local/man
  17: export OLDPWD=/Users/ahrytsen/42ShellTester
  18: export PAGER=less
  19: export PATH=/Users/ahrytsen/.brew/bin:/usr/local/bin:/usr/bin:/bin:/usr/sbin:/sbin:/usr/local/munki:/Users/ahrytsen/.mybin
  20: export PWD=/Users/ahrytsen/42ShellTester/tmp
  21: export SBCL_HOME=/Users/ahrytsen/.sbcl/lib/sbcl
  22: export SECURITYSESSIONID=186a7
  23: export SHELL=/bin/zsh
  24: export SHLVL=3
  25: export SSH_AUTH_SOCK=/private/tmp/com.apple.launchd.IWiSoWiAxo/Listeners
  26: export TERM=xterm-256color
  27: export TERM_PROGRAM=iTerm.app
  28: export TERM_PROGRAM_VERSION=3.2.0
  29: export TERM_SESSION_ID=w0t0p2:F4A638D5-7AC0-4A04-8104-601F0E75F28D
  30: export TMPDIR=/var/folders/zz/zyxvpxvq6csfxvn_n0000lgh0004vw/T/
  31: export TOKEN201808272103_NAME
  32: export USER=ahrytsen
  33: export XPC_FLAGS=0x0
  34: export XPC_SERVICE_NAME=0
  35: export ZSH=/Users/ahrytsen/.oh-my-zsh
  36: export _=/Users/ahrytsen/Projects/42sh/42sh
  37: export __CF_USER_TEXT_ENCODING=0x137C:0x0:0x0[0m

  STDERR:
[31m[38;5;34m  SUCCESS    expected_to be_empty[0m
[38;5;239m  (no output)[0m

----------------------------------------------------------------

[37;1m42sh/globbing/brace-expansion/ascii-range/010-big-range[0m [31m[38;5;160m(FAILED)[0m

  Description:
[38;5;239m  The purpose of this test is to check that brace expansion may be performed with a big numeric range.[0m

  STDIN:
[38;5;239m  01: ./write_all_arguments_on_stdout {A..z}[0m

  STDOUT:
[31m[38;5;160m  FAILURE    expected_to match_regex `^A@B@C@D@E@F@G@H@I@J@K@L@M@N@O@P@Q@R@S@T@U@V@W@X@Y@Z@.+@.?@.+@.+@_@.+@a@b@c@d@e@f@g@h@i@j@k@l@m@n@o@p@q@r@s@t@u@v@w@x@y@z@$`[0m
[38;5;239m  (no output)[0m

  STDERR:
[31m[38;5;160m  FAILURE    expected_to be_empty[0m
[38;5;239m  01: ./lib/main.sh: line 102: 74119 Segmentation fault: 11  /Users/ahrytsen/Projects/42sh/42sh[0m

----------------------------------------------------------------

[37;1m42sh/local-variable/mixed/redirections/001-truncating[0m [31m[38;5;160m(FAILED)[0m

  Description:
[38;5;239m  The purpose of this test is to check that a redirection can be set with a local variable as file name.[0m

  Before test:
[38;5;239m  01: rm -f "TOKEN201808272103_FILENAME"[0m

  STDIN:
[38;5;239m  01: TOKEN201808272103_NAME=TOKEN201808272103_FILENAME
  02: ./write_on_stdout TOKEN201808272103_VALUE > $TOKEN201808272103_NAME[0m

  STDOUT:
[31m[38;5;34m  SUCCESS    expected_to be_empty[0m
[38;5;239m  (no output)[0m

  STDERR:
[31m[38;5;34m  SUCCESS    expected_to be_empty[0m
[38;5;239m  (no output)[0m

  MISC:
[31m[38;5;160m  FAILURE    expected_to create_file `TOKEN201808272103_FILENAME` matching_regex `^TOKEN201808272103_VALUE$`[0m
[31m[38;5;34m  SUCCESS    expected_to exit_with_status `0`[0m

----------------------------------------------------------------

[37;1m42sh/local-variable/mixed/redirections/002-appending[0m [31m[38;5;160m(FAILED)[0m

  Description:
[38;5;239m  The purpose of this test is to check that a redirection can be set with a local variable as file name.[0m

  Before test:
[38;5;239m  01: rm -f "TOKEN201808272103_FILENAME"[0m

  STDIN:
[38;5;239m  01: TOKEN201808272103_NAME=TOKEN201808272103_FILENAME
  02: ./write_on_stdout TOKEN201808272103_VALUE1 >> $TOKEN201808272103_NAME
  03: ./write_on_stdout TOKEN201808272103_VALUE2 >> $TOKEN201808272103_NAME[0m

  STDOUT:
[31m[38;5;34m  SUCCESS    expected_to be_empty[0m
[38;5;239m  (no output)[0m

  STDERR:
[31m[38;5;34m  SUCCESS    expected_to be_empty[0m
[38;5;239m  (no output)[0m

  MISC:
[31m[38;5;160m  FAILURE    expected_to create_file `TOKEN201808272103_FILENAME` matching_regex `^TOKEN201808272103_VALUE1$`[0m
[31m[38;5;160m  FAILURE    expected_to create_file `TOKEN201808272103_FILENAME` matching_regex `^TOKEN201808272103_VALUE2$`[0m
[31m[38;5;34m  SUCCESS    expected_to exit_with_status `0`[0m

----------------------------------------------------------------

[37;1m42sh/local-variable/mixed/tilde-expansion/001-process-tilde-expansion[0m [31m[38;5;160m(FAILED)[0m

  Description:
[38;5;239m  The purpose of this test is to check that the tilde expansion `~` in variable declaration.[0m

  Before test:
[38;5;239m  01: export "HOME=/TOKEN201808272103"[0m

  STDIN:
[38;5;239m  01: TOKEN201808272103=~
  02: ./write_on_stdout TILDE:$TOKEN201808272103[0m

  STDOUT:
[31m[38;5;160m  FAILURE    expected_to_not match_regex `TILDE:~`[0m
[31m[1;33m  WARNING    might match_regex `TILDE:/TOKEN201808272103`[0m
[38;5;239m  01: TILDE:~[0m

  STDERR:
[31m[38;5;34m  SUCCESS    expected_to be_empty[0m
[38;5;239m  (no output)[0m

----------------------------------------------------------------

[37;1mminishell/binary/008-binary-too-many-symbolic-links-encountered[0m [31m[1;33m(WARNING)[0m

  Description:
[38;5;239m  The purpose of this test is to check that trying to execute a path that encounters an infinite loop of symbolic link results in an error on standard error and a failure exit status.[0m

  Before test:
[38;5;239m  01: rm -rf ./symbolic_link1 ./symbolic_link2 ./symbolic_link3
  02: ln -s ./symbolic_link1 ./symbolic_link2
  03: ln -s ./symbolic_link2 ./symbolic_link3
  04: ln -s ./symbolic_link3 ./symbolic_link1[0m

  STDIN:
[38;5;239m  01: ./symbolic_link1[0m

  STDOUT:
[31m[38;5;34m  SUCCESS    might be_empty[0m
[38;5;239m  (no output)[0m

  STDERR:
[31m[38;5;34m  SUCCESS    expected_to_not be_empty[0m
[31m[1;33m  WARNING    might match_regex `[Tt]oo many.*symbolic links`[0m
[38;5;239m  01: ./symbolic_link1: No such file or directory[0m

  MISC:
[31m[38;5;34m  SUCCESS    expected_to_not exit_with_status 0[0m

----------------------------------------------------------------

[37;1mminishell/builtins/cd/007-symbolic-link[0m [31m[38;5;160m(FAILED)[0m

  Description:
[38;5;239m  The purpose of this test is to check that using a symbolic link as first argument with the builtin `cd` results in moving the linked directory.[0m

  Before test:
[38;5;239m  01: rm -f "./symbolic_link"
  02: mkdir -p "./sub_directory"
  03: ln -s "./sub_directory" "./symbolic_link"[0m

  STDIN:
[38;5;239m  01: cd symbolic_link
  02: /Users/ahrytsen/42ShellTester/tmp/display_pwd
  03: /Users/ahrytsen/42ShellTester/tmp/display_env[0m

  STDOUT:
[31m[38;5;34m  SUCCESS    expected_to match_regex `PWD:/Users/ahrytsen/42ShellTester/tmp/sub_directory:PWD$`[0m
[31m[38;5;160m  FAILURE    expected_to match_regex `^PWD=/Users/ahrytsen/42ShellTester/tmp/symbolic_link$`[0m
[38;5;239m  01: PWD:/Users/ahrytsen/42ShellTester/tmp/sub_directory:PWD
  02: ------------------------------
  03: MANPATH=:/Users/ahrytsen/local/man
  04: TERM_PROGRAM=iTerm.app
  05: HOMEBREW_TEMP=/tmp/ahrytsen/Homebrew/Temp
  06: TERM=xterm-256color
  07: SHELL=/bin/zsh
  08: TMPDIR=/var/folders/zz/zyxvpxvq6csfxvn_n0000lgh0004vw/T/
  09: Apple_PubSub_Socket_Render=/private/tmp/com.apple.launchd.i7u3b6cyWh/Render
  10: TERM_PROGRAM_VERSION=3.2.0
  11: TERM_SESSION_ID=w0t0p2:F4A638D5-7AC0-4A04-8104-601F0E75F28D
  12: ZSH=/Users/ahrytsen/.oh-my-zsh
  13: SBCL_HOME=/Users/ahrytsen/.sbcl/lib/sbcl
  14: USER=ahrytsen
  15: COMMAND_MODE=unix2003
  16: SSH_AUTH_SOCK=/private/tmp/com.apple.launchd.IWiSoWiAxo/Listeners
  17: __CF_USER_TEXT_ENCODING=0x137C:0x0:0x0
  18: PAGER=less
  19: HOMEBREW_CACHE=/tmp/ahrytsen/Homebrew/Caches
  20: LSCOLORS=Gxfxcxdxbxegedabagacad
  21: MAIL=ahrytsen@student.unit.ua
  22: PATH=/Users/ahrytsen/.brew/bin:/usr/local/bin:/usr/bin:/bin:/usr/sbin:/sbin:/usr/local/munki:/Users/ahrytsen/.mybin
  23: PWD=/Users/ahrytsen/42ShellTester/tmp/sub_directory
  24: ITERM_PROFILE=Default
  25: XPC_FLAGS=0x0
  26: XPC_SERVICE_NAME=0
  27: INSTALL_ROOT=/Users/ahrytsen/.sbcl
  28: SHLVL=3
  29: HOME=/Users/ahrytsen
  30: COLORFGBG=7;0
  31: ITERM_SESSION_ID=w0t0p2:F4A638D5-7AC0-4A04-8104-601F0E75F28D
  32: LESS=-R
  33: LOGNAME=ahrytsen
  34: LC_CTYPE=en_US.UTF-8
  35: SECURITYSESSIONID=186a7
  36: COLORTERM=truecolor
  37: OLDPWD=/Users/ahrytsen/42ShellTester/tmp
  38: _=/Users/ahrytsen/Projects/42sh/42sh
  39: ------------------------------
  40: TOTAL ENVIRONMENT VARIABLES: 36[0m

  STDERR:
[31m[38;5;34m  SUCCESS    expected_to be_empty[0m
[38;5;239m  (no output)[0m

----------------------------------------------------------------

[37;1mminishell/builtins/cd/008-symbolic-link-2[0m [31m[38;5;160m(FAILED)[0m

  Description:
[38;5;239m  The purpose of this test is to check that using a symbolic link as first argument with the builtin `cd` results in moving to the linked directory. In this test, the directory is linked with to chained symbolic links.[0m

  Before test:
[38;5;239m  01: rm -f "./symbolic_link1" "./symbolic_link2"
  02: mkdir -p "./sub_directory"
  03: ln -s "./sub_directory" "./symbolic_link1"
  04: ln -s "./symbolic_link1" "./symbolic_link2"[0m

  STDIN:
[38;5;239m  01: cd symbolic_link2
  02: /Users/ahrytsen/42ShellTester/tmp/display_pwd
  03: /Users/ahrytsen/42ShellTester/tmp/display_env[0m

  STDOUT:
[31m[38;5;34m  SUCCESS    expected_to match_regex `PWD:/Users/ahrytsen/42ShellTester/tmp/sub_directory:PWD$`[0m
[31m[38;5;160m  FAILURE    expected_to match_regex `^PWD=/Users/ahrytsen/42ShellTester/tmp/symbolic_link2$`[0m
[38;5;239m  01: PWD:/Users/ahrytsen/42ShellTester/tmp/sub_directory:PWD
  02: ------------------------------
  03: MANPATH=:/Users/ahrytsen/local/man
  04: TERM_PROGRAM=iTerm.app
  05: HOMEBREW_TEMP=/tmp/ahrytsen/Homebrew/Temp
  06: TERM=xterm-256color
  07: SHELL=/bin/zsh
  08: TMPDIR=/var/folders/zz/zyxvpxvq6csfxvn_n0000lgh0004vw/T/
  09: Apple_PubSub_Socket_Render=/private/tmp/com.apple.launchd.i7u3b6cyWh/Render
  10: TERM_PROGRAM_VERSION=3.2.0
  11: TERM_SESSION_ID=w0t0p2:F4A638D5-7AC0-4A04-8104-601F0E75F28D
  12: ZSH=/Users/ahrytsen/.oh-my-zsh
  13: SBCL_HOME=/Users/ahrytsen/.sbcl/lib/sbcl
  14: USER=ahrytsen
  15: COMMAND_MODE=unix2003
  16: SSH_AUTH_SOCK=/private/tmp/com.apple.launchd.IWiSoWiAxo/Listeners
  17: __CF_USER_TEXT_ENCODING=0x137C:0x0:0x0
  18: PAGER=less
  19: HOMEBREW_CACHE=/tmp/ahrytsen/Homebrew/Caches
  20: LSCOLORS=Gxfxcxdxbxegedabagacad
  21: MAIL=ahrytsen@student.unit.ua
  22: PATH=/Users/ahrytsen/.brew/bin:/usr/local/bin:/usr/bin:/bin:/usr/sbin:/sbin:/usr/local/munki:/Users/ahrytsen/.mybin
  23: PWD=/Users/ahrytsen/42ShellTester/tmp/sub_directory
  24: ITERM_PROFILE=Default
  25: XPC_FLAGS=0x0
  26: XPC_SERVICE_NAME=0
  27: INSTALL_ROOT=/Users/ahrytsen/.sbcl
  28: SHLVL=3
  29: HOME=/Users/ahrytsen
  30: COLORFGBG=7;0
  31: ITERM_SESSION_ID=w0t0p2:F4A638D5-7AC0-4A04-8104-601F0E75F28D
  32: LESS=-R
  33: LOGNAME=ahrytsen
  34: LC_CTYPE=en_US.UTF-8
  35: SECURITYSESSIONID=186a7
  36: COLORTERM=truecolor
  37: OLDPWD=/Users/ahrytsen/42ShellTester/tmp
  38: _=/Users/ahrytsen/Projects/42sh/42sh
  39: ------------------------------
  40: TOTAL ENVIRONMENT VARIABLES: 36[0m

  STDERR:
[31m[38;5;34m  SUCCESS    expected_to be_empty[0m
[38;5;239m  (no output)[0m

----------------------------------------------------------------

[37;1mminishell/builtins/cd/errors/005-too-many-symbolic-links-encountered[0m [31m[1;33m(WARNING)[0m

  Description:
[38;5;239m  The purpose of this test is to check that using a symbolic link resulting in ELOOP error as first argument with the builtin `cd` results in error and not changing current directory.[0m

  Before test:
[38;5;239m  01: rm -f "./symbolic_link1" "./symbolic_link2" "./symbolic_link3"
  02: ln -s "./symbolic_link1" "./symbolic_link2"
  03: ln -s "./symbolic_link2" "./symbolic_link3"
  04: ln -s "./symbolic_link3" "./symbolic_link1"[0m

  STDIN:
[38;5;239m  01: cd symbolic_link1
  02: /Users/ahrytsen/42ShellTester/tmp/display_pwd[0m

  STDOUT:
[31m[38;5;34m  SUCCESS    expected_to match_regex `PWD:/Users/ahrytsen/42ShellTester/tmp:PWD`[0m
[38;5;239m  01: PWD:/Users/ahrytsen/42ShellTester/tmp:PWD[0m

  STDERR:
[31m[38;5;34m  SUCCESS    expected_to_not be_empty[0m
[31m[1;33m  WARNING    might match_regex `[Tt]oo many.*symbolic links`[0m
[38;5;239m  01: cd: no such file or directory: symbolic_link1[0m

----------------------------------------------------------------

[37;1mminishell/builtins/env/errors/001-command-not-found[0m [31m[1;33m(WARNING)[0m

  Description:
[38;5;239m  The purpose of this test is to check that using the builtin `env` with an invalid binary as argument results in an error and failure exit status.[0m

  Before test:
[38;5;239m  01: rm -f "./invalid_binary"[0m

  STDIN:
[38;5;239m  01: env ./invalid_binary[0m

  STDOUT:
[38;5;239m  (no output)[0m

  STDERR:
[31m[38;5;34m  SUCCESS    expected_to_not be_empty[0m
[31m[1;33m  WARNING    might match_regex `[Cc]ommand not found`[0m
[38;5;239m  01: ./invalid_binary: No such file or directory[0m

  MISC:
[31m[38;5;34m  SUCCESS    expected_to_not exit_with_status `0`[0m

Total tests: 281
Total failed tests: 7
Total pending tests: 3
